app/build/outputs/mapping/release/seeds.txt
com.example.bingwallpaper.SettingsActivity
com.example.bingwallpaper.ViewerActivity
com.example.bingwallpaper.BingWallpaperWorker
com.example.bingwallpaper.db.AppDatabase$Companion
com.example.bingwallpaper.db.WallpaperDao_Impl$Companion
com.example.bingwallpaper.db.WallpaperEntity
com.example.bingwallpaper.db.AppDatabase_Impl$createOpenDelegate$_openDelegate$1
com.example.bingwallpaper.BingWallpaperApp
com.example.bingwallpaper.utils.GlideConfig
com.example.bingwallpaper.db.AppDatabase_Impl
com.example.bingwallpaper.db.AppDatabase
com.example.bingwallpaper.db.WallpaperDao
com.example.bingwallpaper.db.WallpaperDao_Impl
com.example.bingwallpaper.MainActivity
com.example.bingwallpaper.db.WallpaperDao_Impl$1
com.example.bingwallpaper.db.WallpaperEntity: java.lang.String date
com.example.bingwallpaper.db.AppDatabase: com.example.bingwallpaper.db.AppDatabase$Companion Companion
com.example.bingwallpaper.db.WallpaperDao_Impl: androidx.room.RoomDatabase __db
com.example.bingwallpaper.db.WallpaperDao_Impl: com.example.bingwallpaper.db.WallpaperDao_Impl$Companion Companion
com.example.bingwallpaper.db.AppDatabase_Impl$createOpenDelegate$_openDelegate$1: com.example.bingwallpaper.db.AppDatabase_Impl this$0
com.example.bingwallpaper.db.WallpaperEntity: java.lang.String imageUrl
com.example.bingwallpaper.db.WallpaperDao_Impl: androidx.room.EntityInsertAdapter __insertAdapterOfWallpaperEntity
com.example.bingwallpaper.db.AppDatabase: com.example.bingwallpaper.db.AppDatabase INSTANCE
com.example.bingwallpaper.db.AppDatabase_Impl: kotlin.Lazy _wallpaperDao
com.example.bingwallpaper.db.WallpaperEntity: java.lang.String copyright
com.example.bingwallpaper.db.WallpaperEntity: java.lang.String thumbnailUrl
com.example.bingwallpaper.db.AppDatabase_Impl: com.example.bingwallpaper.db.WallpaperDao_Impl _wallpaperDao$lambda$0(com.example.bingwallpaper.db.AppDatabase_Impl)
com.example.bingwallpaper.db.WallpaperDao: void insertAll(java.util.List)
com.example.bingwallpaper.db.WallpaperDao_Impl: kotlin.Unit deleteOldWallpapers$lambda$0(java.lang.String,androidx.sqlite.SQLiteConnection)
com.example.bingwallpaper.db.WallpaperDao_Impl$1: void bind(androidx.sqlite.SQLiteStatement,java.lang.Object)
com.example.bingwallpaper.db.WallpaperEntity: java.lang.String component3()
com.example.bingwallpaper.db.WallpaperDao_Impl: void deleteAll()
com.example.bingwallpaper.db.WallpaperDao: void deleteAll()
com.example.bingwallpaper.db.AppDatabase_Impl$createOpenDelegate$_openDelegate$1: androidx.room.RoomOpenDelegate$ValidationResult onValidateSchema(androidx.sqlite.SQLiteConnection)
com.example.bingwallpaper.db.WallpaperDao: void deleteOldWallpapers()
com.example.bingwallpaper.db.AppDatabase_Impl$createOpenDelegate$_openDelegate$1: void onCreate(androidx.sqlite.SQLiteConnection)
com.example.bingwallpaper.db.AppDatabase_Impl: androidx.room.RoomOpenDelegate createOpenDelegate()
com.example.bingwallpaper.db.WallpaperDao_Impl$Companion: WallpaperDao_Impl$Companion()
com.example.bingwallpaper.db.AppDatabase_Impl$createOpenDelegate$_openDelegate$1: AppDatabase_Impl$createOpenDelegate$_openDelegate$1(com.example.bingwallpaper.db.AppDatabase_Impl)
com.example.bingwallpaper.db.WallpaperDao_Impl: void insertAll(java.util.List)
com.example.bingwallpaper.db.AppDatabase$Companion: AppDatabase$Companion(kotlin.jvm.internal.DefaultConstructorMarker)
com.example.bingwallpaper.db.WallpaperDao_Impl$1: void bind(androidx.sqlite.SQLiteStatement,com.example.bingwallpaper.db.WallpaperEntity)
com.example.bingwallpaper.db.AppDatabase_Impl: void clearAllTables()
com.example.bingwallpaper.db.AppDatabase: com.example.bingwallpaper.db.AppDatabase access$getINSTANCE$cp()
com.example.bingwallpaper.BingWallpaperApp: BingWallpaperApp()
com.example.bingwallpaper.db.AppDatabase_Impl: void access$internalInitInvalidationTracker(com.example.bingwallpaper.db.AppDatabase_Impl,androidx.sqlite.SQLiteConnection)
...
androidx.core.graphics.drawable.IconCompatParcelizer: androidx.core.graphics.drawable.IconCompat read(androidx.versionedparcelable.VersionedParcel)
com.google.android.material.chip.Chip: float getChipIconSize()
com.google.android.material.button.MaterialButton: int getStrokeWidth()
androidx.fragment.app.FragmentContainerView: void setLayoutTransition(android.animation.LayoutTransition)
androidx.vectordrawable.graphics.drawable.VectorDrawableCompat$VGroup: float getScaleX()
com.google.android.material.button.MaterialButton: void setBackgroundDrawable(android.graphics.drawable.Drawable)
androidx.core.view.WindowInsetsCompat$Impl: androidx.core.view.DisplayCutoutCompat getDisplayCutout()
androidx.work.Worker: Worker(android.content.Context,androidx.work.WorkerParameters)
androidx.room.RoomDatabase: java.util.List getAutoMigrations(java.util.Map)
androidx.appcompat.widget.ActionBarOverlayLayout: void setActionBarVisibilityCallback(androidx.appcompat.widget.ActionBarOverlayLayout$ActionBarVisibilityCallback)
androidx.appcompat.widget.AppCompatImageButton: void setImageResource(int)
androidx.appcompat.widget.DropDownListView$Api33Impl: void setSelectedChildViewEnabled(android.widget.AbsListView,boolean)
com.google.android.material.chip.Chip: void setBackgroundColor(int)
androidx.appcompat.widget.AppCompatButton: int getAutoSizeMinTextSize()
androidx.appcompat.widget.AppCompatCheckedTextView: androidx.appcompat.widget.AppCompatEmojiTextHelper getEmojiTextViewHelper()
com.google.android.material.chip.Chip: java.lang.String getFontVariationSettings()
androidx.appcompat.widget.AppCompatCheckedTextView: android.content.res.ColorStateList getSupportCompoundDrawablesTintList()
androidx.profileinstaller.FileSectionType: androidx.profileinstaller.FileSectionType valueOf(java.lang.String)
androidx.appcompat.widget.ActionBarOverlayLayout: int getActionBarHideOffset()
androidx.appcompat.widget.MenuPopupWindow$MenuDropDownListView: void setHoverListener(androidx.appcompat.widget.MenuItemHoverListener)
androidx.appcompat.widget.TooltipCompat$Api26Impl: void setTooltipText(android.view.View,java.lang.CharSequence)
androidx.appcompat.widget.AppCompatRadioButton: void setSupportCompoundDrawablesTintMode(android.graphics.PorterDuff$Mode)
androidx.constraintlayout.helper.widget.Flow: void setVerticalGap(int)
androidx.appcompat.widget.AppCompatToggleButton: void setBackgroundResource(int)
androidx.appcompat.widget.SwitchCompat: void setTrackTintMode(android.graphics.PorterDuff$Mode)
androidx.room.RoomDatabase: android.database.Cursor query(androidx.sqlite.db.SupportSQLiteQuery,android.os.CancellationSignal)
com.google.android.material.chip.Chip: void setChipCornerRadius(float)
com.google.android.material.button.MaterialButton: android.graphics.PorterDuff$Mode getBackgroundTintMode()
com.google.android.material.appbar.MaterialToolbar: android.widget.ImageView$ScaleType getLogoScaleType()
com.google.android.material.appbar.MaterialToolbar: void setLogoScaleType(android.widget.ImageView$ScaleType)
androidx.room.RoomDatabase: void access$onClosed(androidx.room.RoomDatabase)
com.google.android.material.floatingactionbutton.FloatingActionButton: void setShowMotionSpec(com.google.android.material.animation.MotionSpec)
androidx.appcompat.widget.SwitchCompat: void setTextOff(java.lang.CharSequence)
android.support.v4.app.RemoteActionCompatParcelizer: androidx.core.app.RemoteActionCompat read(androidx.versionedparcelable.VersionedParcel)
androidx.appcompat.widget.AppCompatCheckBox: android.content.res.ColorStateList getSupportButtonTintList()
com.google.android.material.internal.BaselineLayout: void setMeasurePaddingFromBaseline(boolean)
androidx.appcompat.widget.AppCompatTextHelper$Api26Impl: void setAutoSizeTextTypeUniformWithPresetSizes(android.widget.TextView,int[],int)
androidx.appcompat.widget.AppCompatRadioButton: void setButtonDrawable(int)
com.google.android.material.button.MaterialButton: void setIconTintMode(android.graphics.PorterDuff$Mode)