app/build/outputs/mapping/release/usage.txt
com.example.bingwallpaper.BingWallpaperWorker:
    private static final java.lang.String BING_API
    private static final java.lang.String BING_HOST
com.example.bingwallpaper.R$color
com.example.bingwallpaper.R$drawable
com.example.bingwallpaper.R$id:
    public static int root
    public static int rootView
    private void <init>()
com.example.bingwallpaper.R$layout:
    private void <init>()
com.example.bingwallpaper.R$menu:
    private void <init>()
com.example.bingwallpaper.R$mipmap
com.example.bingwallpaper.R$string:
    public static int app_name
    public static int author_value
    public static int btn_select
    public static int btn_update_now
    public static int copyright_value
    public static int desc_auto_update
    public static int item_author
    public static int item_auto_update
    public static int item_copyright
    public static int item_language
    public static int item_region
    public static int label_recent
    public static int section_about
    public static int section_general
    public static int section_wallpaper
    public static int title_main
    public static int title_settings
    public static int toast_fetching
    private void <init>()
com.example.bingwallpaper.R$style
com.example.bingwallpaper.R$xml
com.example.bingwallpaper.R
com.example.bingwallpaper.SettingsActivity:
    private static final java.lang.String UNIQUE_WORK_NAME
com.example.bingwallpaper.WallpaperData:
    public final java.lang.String component1()
    public final java.lang.String component2()
    public final java.lang.String component3()
    public final java.lang.String component4()
    public final java.lang.String component5()
    public final com.example.bingwallpaper.WallpaperData copy(java.lang.String,java.lang.String,java.lang.String,java.lang.String,java.lang.String)
    public static synthetic com.example.bingwallpaper.WallpaperData copy$default(com.example.bingwallpaper.WallpaperData,java.lang.String,java.lang.String,java.lang.String,java.lang.String,java.lang.String,int,java.lang.Object)
    public final java.lang.String getTitle()
com.example.bingwallpaper.databinding.ActivityMainBinding:
    public synthetic bridge android.view.View getRoot()
    public androidx.coordinatorlayout.widget.CoordinatorLayout getRoot()
com.example.bingwallpaper.databinding.ActivitySettingsBinding:
    public synthetic bridge android.view.View getRoot()
com.example.bingwallpaper.databinding.ActivityViewerBinding:
    public synthetic bridge android.view.View getRoot()
com.example.bingwallpaper.databinding.ItemViewerImageBinding:
    public synthetic bridge android.view.View getRoot()
    public static com.example.bingwallpaper.databinding.ItemViewerImageBinding inflate(android.view.LayoutInflater)
com.example.bingwallpaper.databinding.ItemWallpaperBinding:
    public synthetic bridge android.view.View getRoot()
    public static com.example.bingwallpaper.databinding.ItemWallpaperBinding inflate(android.view.LayoutInflater)
com.example.bingwallpaper.utils.GlideConfig:
    public boolean isManifestParsingEnabled()
com.example.bingwallpaper.BingWallpaperWorker$Companion:
    public static java.util.List fetchWeeklyImageUrls()
com.example.bingwallpaper.BingWallpaperWorker$doWork$2:
    public int label
    public final java.lang.Object invoke$2()
com.example.bingwallpaper.BingWallpaperWorker:
    public static final com.example.bingwallpaper.BingWallpaperWorker$Companion Companion
    static void <clinit>()
com.example.bingwallpaper.MainActivity$$InternalSyntheticLambda$1$7e7d94d1a1ee586ef12a2afc8b935441d8db9710c1f6937655df3c08198181a3$1:
    public final boolean onMenuItemClick()
com.example.bingwallpaper.MainActivity$$InternalSyntheticLambda$1$7e7d94d1a1ee586ef12a2afc8b935441d8db9710c1f6937655df3c08198181a3$2:
    public final void onRefresh()
com.example.bingwallpaper.MainActivity:
    public final void loadWeeklyWallpapers(boolean)
com.example.bingwallpaper.R$id
com.example.bingwallpaper.R$layout
...
kotlinx.coroutines.flow.FlowKt__ZipKt$combineTransform$$inlined$combineTransformUnsafe$FlowKt__ZipKt$4
kotlinx.coroutines.flow.FlowKt__ZipKt$combineTransform$$inlined$combineTransformUnsafe$FlowKt__ZipKt$5$1
kotlinx.coroutines.flow.FlowKt__ZipKt$combineTransform$$inlined$combineTransformUnsafe$FlowKt__ZipKt$5
kotlinx.coroutines.flow.FlowKt__ZipKt$combineTransform$6$1
kotlinx.coroutines.flow.FlowKt__ZipKt$combineTransform$6$2
kotlinx.coroutines.flow.FlowKt__ZipKt$combineTransform$6
kotlinx.coroutines.flow.FlowKt__ZipKt$combineTransform$7$1
kotlinx.coroutines.flow.FlowKt__ZipKt$combineTransform$7$2
kotlinx.coroutines.flow.FlowKt__ZipKt$combineTransform$7
kotlinx.coroutines.flow.FlowKt__ZipKt$combineTransformUnsafe$1$1
kotlinx.coroutines.flow.FlowKt__ZipKt$combineTransformUnsafe$1
kotlinx.coroutines.flow.FlowKt__ZipKt$combineUnsafe$$inlined$unsafeFlow$1$1
kotlinx.coroutines.flow.FlowKt__ZipKt$combineUnsafe$$inlined$unsafeFlow$1
kotlinx.coroutines.flow.FlowKt__ZipKt$combineUnsafe$1$1
kotlinx.coroutines.flow.FlowKt__ZipKt$nullArrayFactory$1
kotlinx.coroutines.flow.FlowKt__ZipKt
kotlinx.coroutines.flow.LintKt$retry$1
kotlinx.coroutines.flow.LintKt
kotlinx.coroutines.flow.MutableSharedFlow:
    public abstract kotlinx.coroutines.flow.StateFlow getSubscriptionCount()
    public abstract void resetReplayCache()
    public abstract boolean tryEmit(java.lang.Object)
kotlinx.coroutines.flow.ReadonlySharedFlow
kotlinx.coroutines.flow.ReadonlyStateFlow:
    public java.util.List getReplayCache()
kotlinx.coroutines.flow.SharedFlow:
    public abstract java.util.List getReplayCache()
kotlinx.coroutines.flow.SharedFlowImpl:
    public static final synthetic java.lang.Object access$awaitValue(kotlinx.coroutines.flow.SharedFlowImpl,kotlinx.coroutines.flow.SharedFlowSlot,kotlin.coroutines.Continuation)
    public static final synthetic java.lang.Object access$emitSuspend(kotlinx.coroutines.flow.SharedFlowImpl,java.lang.Object,kotlin.coroutines.Continuation)
    protected final java.lang.Object getLastReplayedLocked()
    protected static synthetic void getLastReplayedLocked$annotations()
    public java.util.List getReplayCache()
    public void resetReplayCache()
kotlinx.coroutines.flow.SharedFlowKt:
    public static synthetic kotlinx.coroutines.flow.MutableSharedFlow MutableSharedFlow$default(int,int,kotlinx.coroutines.channels.BufferOverflow,int,java.lang.Object)
kotlinx.coroutines.flow.SharingCommand
kotlinx.coroutines.flow.SharingConfig
kotlinx.coroutines.flow.SharingStarted$Companion
kotlinx.coroutines.flow.SharingStarted
kotlinx.coroutines.flow.SharingStartedKt
kotlinx.coroutines.flow.StartedEagerly
kotlinx.coroutines.flow.StartedLazily$command$1$1$emit$1
kotlinx.coroutines.flow.StartedLazily$command$1$1
kotlinx.coroutines.flow.StartedLazily$command$1
kotlinx.coroutines.flow.StartedLazily
kotlinx.coroutines.flow.StartedWhileSubscribed$command$1
kotlinx.coroutines.flow.StartedWhileSubscribed$command$2
kotlinx.coroutines.flow.StartedWhileSubscribed
kotlinx.coroutines.flow.StateFlowImpl:
    public java.util.List getReplayCache()
    private final synthetic java.lang.Object get_state$volatile()
    public void resetReplayCache()
    private final synthetic void set_state$volatile(java.lang.Object)
    public boolean tryEmit(java.lang.Object)
kotlinx.coroutines.flow.StateFlowKt:
    public static final java.lang.Object getAndUpdate(kotlinx.coroutines.flow.MutableStateFlow,kotlin.jvm.functions.Function1)
    public static final void update(kotlinx.coroutines.flow.MutableStateFlow,kotlin.jvm.functions.Function1)
    public static final java.lang.Object updateAndGet(kotlinx.coroutines.flow.MutableStateFlow,kotlin.jvm.functions.Function1)
kotlinx.coroutines.flow.SubscribedFlowCollector$onSubscription$1